1 135
1 210
1 28
1 228
1 150
1 135
1 168
2 123
2 245
1 45
1 252
1 82
1 144
1 101
1 41
1 152
1 230
1 1
1 255
1 36
1 278
1 156
1 9
1 21
3 365
3 318
1 113
2 178
1 173
2 235
1 242
1 126
2 369
2 184
1 244
2 303
1 37
1 169
1 127
1 66
2 309
1 271
2 252
1 125
1 76
2 443
2 385
1 223
1 262
1 180
1 145
1 140
1 183
2 360
3 400
2 515
2 116
1 5
1 1
3 479
4 592
1 174
4 871
1 153
1 138
1 275
2 253
1 125
1 54
2 208
3 479
1 205
2 384
2 492
1 93
2 385
2 162
7 1281
4 871
5 631
13 1908
5 457
1 16
1 93
1 177
1 128
6 948
1 107
1 67
1 76
3 513
1 138
3 513
1 197
5 688
4 757
1 128
1 152
1 169
3 513
3 271
4 757
2 263
5 631
3 430
1 169
2 385
12 1256
1 179
2 336
8 1327
1 195
16 2294
8 1327
20 2913
2 273
3 271
1 180
1 226
2 273
1 197
1 121
2 252
1 226
1 279
19 2644
8 1108
2 176
4 504
1 270
8 1108
40 5067
6 1143
2 248
2 246
11 1757
14 1975
3 365
1 119
15 2514
15 2514
5 542
1 281
15 1804
15 2514
49 6242
70 9275
1 223
2 492
7 877
70 9275
4 504
70 9275
16 2709
70 9275
6 702
1 240
7 877
70 9275
2 337
16 2709
2 207
87 12008
1 153
90 12404
96 13106
96 13106
7 1178
7 877
99 13636
101 14042
1 2
1 190
13 1956
1 149
134 18807
3 583
1 270
140 19433
1 175
3 227
2 207
145 19869
1 202
1 42
1 270
146 20025
7 1178
1 263
159 21981
159 21981
162 22453
162 22453
1 203
162 22453
162 22453
4 671
162 22453
4 572
163 22697
7 1329
1 203
170 23537
5 820
179 25118
10 1060
1 101
193 26921
193 26921
193 26921
196 27387
2 191
197 27538
10 1559
197 27538
197 27538
200 28011
203 28132
203 28132
203 28132
203 28132
203 28132
11 1795
207 28560
207 28560
207 28560
207 28560
207 28560
1 136
208 28729
207 28607
1 87
206 28373
219 30524
220 30794
220 30794
220 30794
229 31722
229 31722
229 31722
1 224
228 31638
228 31638
228 31638
230 32183
230 32183
230 32183
230 32183
1 149
230 32183
230 32183
231 32270
235 32677
1 138
235 32677
235 32677
240 33423
1 68
242 33732
242 33732
242 33732
242 33732
242 33732
242 33732
242 33732
242 33732
242 33732
242 33732
246 34283
247 34350
248 34524
248 34524
1 224
248 34524
247 34437
247 34437
247 34437
247 34437
1 265
247 34437
247 34437
247 34437
247 34437
247 34437
246 34372
246 34372
247 34460
249 34776
249 34776
249 34776
249 34776
249 34776
249 34776
249 34776
249 34776
249 34776
250 35053
1 240
250 35053
250 35053
250 35053
250 35053
250 35053
250 35053
250 35053
1 206
251 35189
1 163
1 124
1 144
1 20
1 82
1 69
2 117
1 118
1 21
1 135
1 16
1 113
1 110
2 88
1 117
2 89
2 254
1 97
1 12
1 149
1 15
1 159
1 124
1 164
1 151
2 171
1 12
1 22
1 50
2 245
2 201
4 338
2 254
2 254
2 183
1 44
1 140
6 544
3 329
2 79
1 143
2 107
1 143
1 48
2 198
1 162
2 197
2 23
5 228
2 107
3 254
1 51
2 79
6 544
1 169
2 184
1 30
3 142
1 9
1 12
1 141
1 151
1 52
4 339
3 389
1 140
2 87
8 628
1 97
3 357
1 111
9 849
3 344
1 45
1 124
2 166
1 1
2 183
4 507
2 79
18 1711
3 310
14 1179
5 329
5 474
17 1321
18 1711
2 239
1 125
18 1711
3 314
3 310
1 97
7 495
2 317
1 39
3 133
1 123
1 90
24 2085
17 1578
1 47
8 615
8 615
26 2107
24 2285
8 615
26 2107
66 5800
2 155
68 5917
3 133
3 133
3 133
1 149
25 1934
5 498
81 7302
80 7249
2 127
3 270
122 10760
122 10760
1 102
1 141
1 78
1 50
1 22
1 45
1 20
1 187
1 147
1 192
1 133
1 66
1 168
1 220
1 29
2 264
1 86
2 179
1 94
1 204
1 34
1 89
1 193
1 52
3 236
1 126
1 134
2 337
1 47
1 139
1 27
1 30
1 122
1 131
2 239
1 11
1 204
1 107
2 179
1 39
1 81
1 46
1 79
1 119
1 159
1 204
2 373
1 3
1 132
2 442
2 243
1 17
4 411
4 301
3 326
1 225
3 407
1 77
1 174
3 247
4 663
1 10
2 253
3 503
1 170
2 331
5 608
1 189
1 174
3 482
1 176
2 264
3 407
3 200
3 449
1 7
7 905
4 623
2 243
1 107
1 107
3 598
4 301
2 319
5 671
1 174
4 513
1 8
3 385
2 74
16 2010
1 239
1 17
4 391
7 572
3 326
1 191
1 37
2 243
6 456
4 513
2 319
1 69
8 799
1 226
13 1917
3 489
7 1161
1 95
8 799
1 179
1 221
1 112
1 37
2 485
1 249
1 37
18 1954
1 58
18 1954
14 2004
20 2773
17 1857
3 366
5 363
4 672
1 118
11 1373
39 4733
13 1677
2 325
13 1677
1 97
40 4958
12 1537
1 154
11 1421
60 7380
11 1449
5 564
120 14647
11 1449
120 14647
1 139
120 14647
3 443
120 14647
3 443
3 292
3 513
129 16399
12 1556
1 252
3 421
130 16551
130 16551
130 16551
130 16551
129 16396
129 16396
129 16396
129 16396
129 16396
3 443
140 17788
140 17788
2 310
3 443
146 18593
149 18881
2 485
149 18881
149 18881
149 18881
155 19717
1 257
156 19934
156 19934
166 21520
1 94
1 232
2 169
3 421
167 21701
180 23142
189 24119
2 232
194 24512
2 272
200 25354
200 25354
200 25354
200 25354
201 25467
203 25699
203 25699
203 25699
1 257
2 169
205 26184
205 26184
206 26338
206 26338
206 26338
1 80
207 26404
208 26597
208 26597
210 26774
211 26868
212 26983
212 26983
212 26983
214 27159
213 27029
213 27029
217 27739
218 27776
218 27776
1 51
218 27776
218 27776
218 27776
218 27776
218 27776
2 239
218 27776
218 27776
220 28086
1 119
221 28298
221 28298
222 28198
222 28198
1 128
221 28160
221 28160
221 28160
221 28160
221 28160
222 28363
222 28363
223 28491
2 169
223 28491
223 28491
223 28491
223 28491
223 28491
223 28491
223 28491
223 28491
222 28332
224 28390
224 28390
1 89
226 28669
226 28669
226 28669
226 28669
227 28926
227 28926
227 28926
227 28926
229 29306
230 29349
230 29349
236 30200
236 30200
236 30200
236 30200
236 30200
237 30330
239 30797
239 30797
239 30797
242 31141
242 31141
243 31152
243 31152
243 31152
243 31152
243 31152
243 31152
243 31152
243 31152
243 31152
245 31391
247 31822
247 31822
247 31822
247 31822
247 31822
1 134
247 31822
247 31822
248 31941
248 31941
248 31941
248 31941
248 31941
248 31941
248 31941
248 31941
248 31941
248 31941
248 31941
248 31941
248 31941
248 31941
248 31941
249 32123
249 32123
249 32123
249 32123
249 32123
250 32362
250 32362
250 32362
250 32362
250 32362
250 32362
1 69
251 32498
251 32498
251 32498
251 32498
251 32498
251 32498
251 32498
252 32730
252 32730
252 32730
252 32730
252 32730
252 32730
252 32730
252 32730
252 32730
252 32730
1 129
252 32730
253 32819
253 32819
253 32819
253 32819
253 32819
253 32819
253 32819
253 32819
253 32819
253 32819
253 32819
254 32888
254 32888
254 32888
254 32888
255 33022
255 33022
255 33022
255 33022
255 33022
1 121
1 221
1 2
1 78
1 223
1 99
1 135
2 253
1 25
1 105
1 72
1 233
2 357
1 24
1 106
1 236
1 192
1 240
1 136
1 77
4 495
1 229
1 84
1 42
1 113
1 119
2 222
6 596
2 357
7 917
1 88
1 118
1 60
1 46
2 310
1 225
1 115
1 97
2 383
1 184
1 225
2 277
1 194
1 99
1 218
1 120
1 232
1 84
7 917
4 464
1 184
7 643
1 33
3 209
1 12
1 246
1 77
2 356
1 119
1 95
1 60
4 615
1 175
1 105
2 356
2 268
1 78
10 1165
6 832
6 796
5 650
6 796
5 650
1 26
4 351
1 85
1 5
3 336
5 908
3 318
2 277
1 55
2 195
4 542
3 423
5 750
2 195
3 469
2 214
1 238
2 277
4 542
1 14
1 176
2 408
2 118
4 583
29 3935
1 144
1 100
2 303
1 238
1 110
29 3935
6 628
1 72
1 87
6 628
14 1850
2 213
1 20
3 224
2 193
1 121
1 125
3 489
34 4254
3 423
10 1282
2 250
2 217
67 8387
68 8504
68 8504
2 195
2 91
2 179
1 191
2 273
4 315
2 179
116 14716
4 489
116 14816
1 70
116 14783
5 489
117 14945
117 14945
1 168
2 254
120 15303
120 15303
122 15699
3 224
4 498
1 6
1 155
134 16865
2 360
1 146
1 238
1 153
139 17506
139 17506
156 19109
1 244
4 594
1 191
157 19435
160 19888
3 421
160 19942
164 20452
6 618
6 618
164 20452
164 20452
1 134
163 20260
163 20260
1 60
1 244
3 318
166 20704
170 21226
1 244
183 22830
183 22830
183 22830
1 88
1 111
1 115
1 26
185 23144
185 23144
186 23235
186 23235
186 23235
189 23640
189 23640
1 26
195 24386
199 24888
200 25131
200 25131
200 25131
200 25131
4 262
201 25238
1 134
2 267
203 25407
203 25407
203 25407
202 25236
3 231
202 24999
202 24999
1 218
1 173
202 24999
202 24999
202 24999
202 24999
3 462
1 144
202 24999
202 24999
202 24999
202 24999
202 24999
203 25076
206 25548
206 25548
1 191
209 26000
1 156
214 26598
214 26598
218 27213
218 27213
218 27213
219 27438
219 27438
219 27438
219 27438
219 27438
219 27438
1 218
1 144
219 27438
219 27438
219 27438
219 27438
219 27438
3 517
223 27816
223 27816
223 27816
223 27816
225 27926
224 27771
225 27783
225 27783
225 27783
225 27783
225 27783
225 27783
225 27783
225 27783
225 27783
226 27853
226 27853
227 28009
227 28009
227 28009
227 28009
227 28009
229 28383
229 28383
1 146
229 28383
229 28383
229 28383
229 28383
229 28383
231 28649
231 28649
231 28649
231 28649
1 56
1 77
1 100
1 28
1 34
1 57
1 18
2 217
2 99
1 95
1 120
1 17
2 145
1 3
1 125
1 80
1 67
1 123
1 61
1 97
3 211
1 35
2 39
1 38
2 124
1 10
1 75
2 185
4 238
1 91
1 54
6 414
5 328
1 67
1 88
1 43
1 54
4 111
4 157
1 132
12 1120
11 713
1 42
12 1120
11 661
15 910
6 312
1 10
2 209
1 150
1 71
2 145
6 552
15 910
12 1120
12 1120
1 69
15 910
2 190
15 910
2 117
7 567
24 1854
1 85
26 1988
5 121
1 140
62 4418
1 85
2 164
88 6147
92 6749
2 190
2 190
92 6749
1 19
95 6933
95 6933
1 20
95 6933
1 136
1 5
100 7309
1 106
1 20
99 7253
2 156
99 7253
1 96
103 7677
103 7677
1 140
103 7677
104 7697
105 7816
108 7937
112 8047
112 8047
112 8047
112 8047
113 8114
118 8562
1 38
1 99
1 70
1 44
1 75
1 83
1 111
2 220
1 32
1 30
2 227
3 279
1 85
1 88
1 133
1 134
1 58
1 104
1 164
4 295
2 150
2 245
1 120
1 87
2 150
2 150
1 136
1 180
1 15
1 149
1 104
4 317
4 295
3 376
7 699
3 213
7 699
1 45
2 229
1 118
5 630
1 151
1 32
8 852
1 115
1 97
1 175
1 21
1 164
2 73
2 209
1 47
4 295
1 101
1 128
1 170
2 303
1 126
10 1005
2 126
1 142
1 14
1 126
6 693
2 303
4 317
3 263
2 123
4 561
1 182
1 44
1 97
11 1099
2 207
2 63
1 138
1 1
1 101
1 75
20 1892
1 20
20 1892
2 150
14 1339
2 75
14 1339
1 9
22 2172
22 2172
10 1196
22 2172
22 2038
22 2172
22 2038
1 138
38 3882
38 3882
12 1408
1 92
4 407
37 3524
1 21
40 4094
2 75
8 899
1 97
41 3914
42 4026
2 181
3 126
58 5973
68 6793
68 6793
68 6793
123 12027
2 310
2 158
123 12027
1 44
1 36
131 12935
134 13133
134 13133
1 44
2 91
140 13591
1 52
142 13869
143 13977
145 14068
145 14068
152 14518
152 14518
2 310
155 14677
155 14677
155 14677
155 14677
156 14729
156 14729
157 14730
1 81
1 41
1 101
1 19
1 209
1 66
2 104
2 187
1 5
2 202
1 15
1 3
1 179
1 134
1 139
1 3
1 185
3 316
1 45
1 21
1 220
1 175
1 61
1 223
2 287
2 17
2 150
1 123
2 358
1 106
2 245
5 340
1 183
2 248
1 61
4 615
2 381
4 536
2 247
1 75
9 753
1 135
1 40
1 136
2 153
3 275
1 19
1 105
2 245
2 159
1 17
1 161
1 216
1 3
14 1382
1 57
2 159
4 536
2 227
8 641
22 2451
2 260
7 936
3 469
2 285
2 227
1 140
1 48
2 159
1 36
1 140
3 506
2 321
1 174
3 275
2 159
1 138
1 193
1 65
2 321
1 96
12 1565
3 282
2 198
1 133
34 3893
3 282
1 106
3 469
35 3895
1 127
4 696
1 184
9 1196
4 340
3 257
9 1196
2 133
1 21
4 340
23 2437
2 349
23 2437
1 82
9 891
12 1455
4 696
7 660
24 2546
3 308
1 29
42 4776
4 402
1 219
42 4776
17 1560
3 308
13 1710
17 1560
70 7904
70 7904
1 40
86 9949
6 531
1 167
87 9999
87 9999
1 96
104 11623
10 1242
105 11781
105 11781
1 174
13 1710
2 249
133 15476
133 15476
138 15880
1 223
138 15880
138 15880
138 15880
138 15880
138 15880
139 15941
1 48
1 10
1 10
140 16132
1 48
4 324
2 191
2 234
2 321
148 17071
148 17071
159 18409
159 18409
161 18742
161 18742
162 18844
3 350
2 210
3 487
1 96
164 18921
1 167
1 96
162 18701
1 118
1 187
1 142
1 210
1 28
1 21
1 32
1 55
1 144
1 187
1 162
1 23
1 173
1 147
1 221
2 210
1 124
1 53
1 168
1 20
1 101
1 208
1 136
1 88
1 81
1 52
1 206
1 141
1 32
2 210
1 103
1 217
1 215
5 674
2 263
1 145
1 168
1 83
5 674
5 719
1 126
1 141
1 14
2 176
1 147
5 422
2 139
1 185
3 438
1 75
1 189
4 511
2 303
2 139
1 67
1 100
1 175
1 211
1 108
1 79
2 140
2 300
2 307
2 111
1 87
2 364
2 140
2 209
9 1036
2 254
1 16
1 113
1 204
1 61
2 212
2 376
1 175
6 905
9 1036
4 511
1 116
1 93
2 214
7 964
2 54
4 261
1 70
1 27
2 140
2 48
1 111
1 83
2 370
2 366
1 52
15 1901
1 165
3 483
2 277
1 118
1 118
2 182
17 1949
1 74
4 625
17 1930
17 1867
17 1867
36 4029
1 185
5 515
36 4029
11 1427
36 4029
16 1698
2 212
36 4029
11 1427
36 4029
16 1698
1 5
1 210
11 1427
20 2148
16 1698
5 455
6 566
1 49
42 4621
42 4621
3 321
2 277
1 32
3 376
42 4621
2 265
43 4764
1 29
2 321
3 376
2 257
2 257
3 376
20 2094
7 830
61 7145
20 2094
2 73
1 32
1 10
89 10215
89 10215
1 107
120 13460
1 35
1 27
119 13447
120 13598
2 303
119 13476
2 230
3 309
133 15469
3 376
133 15469
3 309
133 15469
133 15469
1 36
1 152
1 206
2 376
3 309
135 15704
2 115
136 15739
136 15739
138 16014
3 364
143 16258
145 16379
10 1171
152 17285
163 18533
3 163
1 39
2 265
169 19133
169 19133
174 19720
174 19720
175 19820
175 19820
177 20127
177 20127
1 129
1 69
1 63
1 114
1 97
1 71
2 151
1 59
1 49
2 151
1 29
1 22
2 133
1 100
1 78
1 98
1 80
2 142
1 79
1 91
1 66
1 55
1 151
1 131
1 164
1 63
1 107
2 113
4 300
1 165
1 35
1 99
2 218
1 74
2 210
1 94
1 83
1 96
1 114
2 55
3 241
3 209
1 60
2 210
22 2005
1 96
1 99
3 241
1 91
4 212
16 1023
2 80
30 2741
31 2775
32 2939
33 3197
18 1216
1 16
2 265
1 142
41 4009
18 1216
18 1216
18 1244
45 4308
1 96
18 1244
44 4280
1 117
3 199
1 6
6 519
16 1067
48 4535
5 434
5 434
64 5602
3 236
74 6259
75 6366
74 6292
3 235
5 389
81 6979
81 6979
4 492
81 6979
2 219
88 7445
88 7445
3 246
1 67
1 12
1 86
1 63
1 77
2 54
1 83
2 157
2 157
1 85
1 110
1 43
2 67
1 17
1 68
1 60
3 123
1 97
1 88
1 102
1 5
1 36
1 7
1 80
1 3
1 47
1 36
1 95
3 211
7 357
1 23
1 16
3 211
1 55
22 1432
1 102
3 211
21 1383
3 96
21 1383
1 85
2 105
6 283
1 20
2 75
5 373
37 2229
37 2229
39 2237
44 2467
45 2548
45 2548
46 2616
46 2616
1 32
1 32
2 63
49 2871
4 337
1 105
5 241
1 62
1 32
58 3412
1 31
2 69
62 3607
62 3607
61 3592
2 95
1 99
66 3808
3 81
2 69
71 4156
73 4275
75 4351
2 138
75 4351
81 4725
2 128
81 4725
81 4725
83 4874
2 69
84 4928
2 130
1 105
92 5363
1 105
94 5501
94 5501
1 59
1 126
1 80
1 115
1 68
1 21
1 37
1 55
2 110
1 126
2 219
1 109
1 55
1 1
3 116
1 123
2 219
1 56
1 73
2 89
1 4
2 121
1 68
3 196
2 51
1 120
1 128
1 1
1 102
2 235
1 93
4 298
1 47
1 13
2 209
7 385
1 51
1 74
1 56
1 133
3 130
1 57
1 88
4 96
1 88
1 2
2 51
4 338
40 2858
3 175
2 209
40 2858
1 126
6 327
1 17
1 60
5 378
48 3419
48 3419
11 582
49 3432
49 3432
12 606
50 3412
4 240
1 57
50 3412
4 249
4 338
12 606
1 61
54 3743
54 3743
59 3869
4 249
1 1
13 713
58 3827
1 119
3 133
62 4229
62 4229
3 133
63 4280
1 57
1 4
99 6630
99 6630
100 6724
101 6802
101 6802
101 6819
101 6819
101 6819
101 6819
101 6819
105 7071
105 7071
105 7071
105 7071
108 7204
1 61
108 7204
108 7204
109 7261
109 7261
114 7592
1 48
115 7596
115 7596
115 7596
115 7596
115 7596
1 96
118 7765
118 7765
1 126
118 7765
118 7765
118 7765
118 7765
118 7765
118 7765
118 7765
1 96
118 7765
119 7891
119 7891
119 7891
119 7891
119 7891
119 7891
121 7977
121 7977
121 7977
121 7977
121 7977
121 7977
2 206
121 7977
127 8442
127 8442
127 8442
127 8442
127 8442
127 8442
127 8442
127 8442
127 8442
127 8442
127 8442
127 8442
1 49
127 8442
127 8442
127 8442
127 8442
127 8442
129 8648
129 8648
130 8697
130 8697
130 8697
130 8697
130 8697
130 8697
130 8697
130 8697
130 8697
1 48
130 8697
130 8697
130 8697
130 8697
130 8697
130 8697
130 8697
130 8697
130 8697
130 8697
1 37
1 52
1 94
1 77
1 21
1 149
1 48
1 75
2 195
1 46
2 188
1 67
1 85
2 143
2 160
1 77
2 76
1 18
1 38
1 16
1 147
5 504
2 92
5 511
4 172
9 914
3 236
1 110
2 258
2 141
1 88
1 17
1 10
3 203
11 1130
1 23
1 86
1 4
11 1130
4 416
1 163
3 268
4 326
5 558
1 99
3 140
1 14
5 312
3 268
9 875
1 143
2 123
1 86
1 108
11 918
2 88
1 61
3 206
7 439
1 10
11 1130
11 918
1 104
7 439
12 947
3 268
5 383
1 16
4 359
2 110
3 282
4 305
2 230
2 220
1 55
2 85
3 92
2 220
2 230
20 1910
21 1988
2 188
2 85
40 3420
41 3489
25 2383
1 51
27 2652
1 10
1 78
1 246
1 187
1 106
1 109
1 113
1 186
1 34
1 2
1 98
3 410
1 82
1 70
2 350
1 1
1 25
1 210
1 6
2 235
4 510
1 237
1 114
2 266
2 361
1 152
2 385
1 159
1 227
1 45
1 118
1 199
1 84
1 62
2 217
1 90
2 211
1 31
1 191
2 211
1 50
1 81
3 418
5 832
1 74
2 453
4 524
1 257
2 150
5 865
1 243
2 191
2 241
4 510
1 180
5 491
1 52
1 119
2 235
4 866
1 267
1 60
2 217
1 111
5 865
1 200
1 36
1 96
1 206
1 275
1 34
1 259
1 98
1 179
5 868
1 191
2 278
2 167
2 167
2 306
1 199
1 109
1 113
1 201
3 290
1 80
2 278
2 475
1 134
1 242
2 231
1 207
2 211
2 518
1 58
1 242
1 22
4 524
4 524
3 551
4 524
1 13
2 290
2 207
7 1063
1 58
1 269
1 278
5 626
1 132
2 361
4 524
2 361
5 865
1 268
1 57
1 265
10 1317
10 1317
1 234
2 469
1 229
2 433
2 455
1 210
3 338
1 73
11 1579
3 528
3 290
5 967
13 2062
2 217
3 246
13 2062
2 484
3 246
6 946
13 2062
13 2062
2 534
4 527
6 990
10 1004
19 2378
6 637
20 2863
2 264
15 2187
13 2062
15 2187
3 246
3 673
2 230
1 64
2 253
13 1935
16 2608
65 9620
2 196
3 264
1 79
1 49
1 34
2 159
1 128
1 221
1 34
2 323
1 164
1 4
1 75
1 136
1 79
1 109
1 88
1 163
2 251
1 110
1 154
1 88
1 21
1 124
1 53
2 374
2 323
1 160
1 37
3 370
2 159
1 143
2 181
1 81
1 23
1 126
3 377
2 323
2 70
2 244
1 90
2 186
1 197
1 108
3 188
1 154
1 53
1 158
1 10
1 143
1 195
16 1186
1 127
1 136
2 63
2 218
1 94
1 214
9 1011
2 128
3 379
18 1445
1 193
5 693
1 129
3 121
3 379
6 487
4 471
11 1251
4 559
2 241
1 221
11 1251
20 1532
1 142
1 213
3 272
11 1251
3 188
2 328
3 188
4 559
2 113
5 628
45 4292
2 254
45 4292
50 4800
54 5124
2 383
1 211
1 163
2 241
3 520
1 124
4 559
1 11
3 520
70 7245
70 7245
9 671
71 7378
2 285
1 110
2 158
1 190
72 7448
1 109
3 306
74 7668
1 124
1 69
2 158
88 9454
1 75
3 328
3 268
1 190
92 9669
1 1
1 110
1 2
1 106
1 79
1 52
1 8
1 74
1 63
1 111
1 109
1 65
1 7
2 68
2 118
1 124
2 78
1 78
1 69
1 38
1 65
2 68
1 104
1 10
2 103
1 40
2 211
1 55
1 25
1 69
1 65
1 54
1 106
6 309
2 77
2 86
3 143
2 9
2 211
3 204
2 202
2 38
1 65
1 104
1 109
1 72
1 14
1 118
9 525
1 117
1 93
1 45
11 644
1 88
1 31
3 177
1 72
3 121
3 198
3 177
1 74
2 78
2 211
3 262
6 463
4 280
1 47
11 707
3 177
1 66
5 277
6 463
43 2695
6 277
1 14
3 262
47 2860
49 2962
6 277
49 2962
2 211
1 118
1 8
80 4867
80 4867
85 5037
2 183
89 5414
2 173
2 177
90 5466
90 5466
90 5466
1 8
90 5438
91 5500
1 8
92 5649
92 5649
92 5649
4 281
2 183
94 5761
4 237
94 5761
96 5862
96 5862
96 5862
96 5862
96 5862
97 5904
98 6021
98 6021
98 6021
99 6125
99 6125
99 6125
98 6096
1 126
5 214
3 149
98 6096
1 110
101 6245
4 307
5 214
101 6245
4 307
101 6245
101 6245
1 105
105 6497
106 6499
112 6831
112 6831
113 6875
113 6875
3 240
113 6875
113 6875
112 6833
112 6833
112 6833
112 6833
1 105
112 6833
113 6900
113 6900
113 6900
114 7010
114 7010
114 7010
120 7500
120 7500
123 7715
123 7715
123 7715
123 7715
123 7715
123 7715
123 7715
1 105
123 7715
123 7715
123 7715
123 7715
123 7715
1 138
1 77
1 105
1 7
1 146
1 125
1 36
1 80
1 122
1 38
1 114
1 131
1 87
1 75
1 72
2 122
1 91
1 1
1 80
1 45
1 23
2 148
1 142
3 131
1 80
1 136
1 58
4 225
1 133
5 356
1 117
8 532
8 614
2 159
1 88
2 148
3 117
1 67
1 83
1 133
8 614
5 551
1 45
8 568
2 155
1 134
1 119
1 101
8 614
1 69
3 117
1 91
1 78
1 132
7 472
1 52
1 138
9 630
2 225
1 11
9 630
6 508
1 88
1 63
5 335
1 51
3 301
12 888
9 736
5 335
4 241
6 384
1 68
6 354
16 1153
12 890
2 176
7 472
1 67
16 1153
13 1025
16 1184
8 716
38 2799
2 148
55 3784
1 34
1 50
1 38
3 338
1 34
1 73
71 4968
10 927
71 4968
71 4968
1 81
1 46
70 4962
1 65
3 338
72 5089
72 5089
2 148
1 2
74 5251
74 5251
2 226
74 5251
74 5251
74 5251
17 1448
1 148
1 53
4 258
1 35
76 5288
76 5288
1 40
3 338
80 5554
2 117
1 63
1 76
1 77
4 258
100 7290
103 7461
104 7592
1 38
108 7992
112 8339
2 117
1 40
1 143
116 8655
116 8655
115 8650
115 8650
119 8878
1 81
123 9216
123 9216
123 9216
123 9216
123 9216
123 9216
124 9322
1 92
124 9322
124 9322
124 9322
125 9454
125 9454
125 9454
125 9454
2 226
2 226
125 9454
126 9456
2 226
127 9533
128 9571
128 9571
128 9571
128 9571
128 9571
129 9634
129 9634
129 9634
129 9634
129 9634
129 9634
131 9860
131 9860
1 61
131 9860
132 9903
132 9903
133 9984
134 10072
134 10072
135 10106
136 10215
136 10215
136 10215
136 10215
136 10215
136 10215
1 148
136 10215
136 10215
2 39
137 10276
1 67
137 10276
137 10276
137 10276
137 10276
137 10276
137 10276
2 39
137 10276
137 10276
137 10276
137 10276
137 10276
137 10276
137 10276
137 10276
137 10276
137 10276
137 10276
137 10276
137 10276
137 10276
1 92
137 10276
137 10276
136 10186
2 39
136 10186
2 169
138 10258
138 10258
138 10258
138 10258
138 10258
138 10258
138 10258
138 10258
138 10258
138 10258
138 10258
138 10258
138 10258
139 10326
139 10326
139 10326
141 10495
141 10495
141 10495
1 139
1 134
1 21
1 22
1 23
1 123
1 111
1 132
1 41
1 89
1 77
1 143
1 129
2 102
1 8
1 80
1 79
1 59
1 135
1 76
1 93
2 102
1 106
1 126
1 89
1 31
1 140
1 123
1 106
2 79
1 140
3 167
2 83
1 106
1 148
1 48
1 103
1 11
1 118
2 162
1 60
1 82
2 50
2 62
2 173
1 75
2 83
1 135
3 238
2 62
2 83
4 328
1 116
2 83
1 134
1 146
1 8
3 270
2 237
2 52
8 608
1 97
3 101
6 479
4 328
9 709
3 238
3 231
2 263
3 220
1 8
1 126
1 135
8 211
2 91
2 116
2 91
1 76
4 369
2 173
20 1212
1 35
1 39
10 800
1 46
2 170
22 1295
31 1900
1 46
4 369
1 92
1 148
23 1766
3 349
1 106
32 2027
1 82
11 854
33 2589
1 126
39 2993
1 51
72 5130
72 5130
72 5130
73 5238
1 68
73 5238
73 5238
73 5238
4 394
73 5238
3 335
5 335
1 51
1 58
74 5355
74 5355
84 6093
3 191
84 6093
3 180
91 6857
91 6857
1 58
2 201
93 6884
5 555
99 7398
102 7589
102 7589
2 173
110 8183
110 8183
115 8501
116 8400
116 8400
117 8523
117 8523
2 199
1 136
123 9014
1 71
124 9052
124 9052
2 199
124 9052
124 9052
124 9052
4 394
2 199
125 9188
125 9188
128 9337
128 9337
128 9337
4 394
128 9337
128 9337
128 9337
128 9337
5 439
127 9332
127 9332
127 9332
127 9332
127 9332
127 9332
127 9332
127 9332
127 9332
133 9939
133 9939
136 10210
136 10210
136 10210
136 10210
136 10210
136 10210
136 10210
136 10210
136 10210
136 10210
137 10249
137 10249
137 10249
138 10325
138 10325
5 439
138 10325
138 10325
138 10325
138 10325
138 10325
137 10211
137 10211
137 10211
137 10211
137 10211
137 10211
137 10211
137 10211
137 10211
137 10211
137 10211
137 10211
137 10211
137 10211
137 10211
144 10822
145 10892
145 10892
145 10892
145 10892
145 10892
145 10892
146 10974
147 11025
147 11025
147 11025
147 11025
147 11025
147 11025
147 11025
147 11025
147 11025
147 11025
147 11025
147 11025
147 11025
147 11025
1 75
1 23
2 270
1 165
2 167
2 175
1 67
1 108
1 34
1 81
1 134
2 153
2 179
1 13
1 62
1 57
1 24
2 213
2 136
1 20
1 144
2 123
1 88
1 102
1 166
1 67
1 27
1 135
2 249
5 525
2 195
1 73
1 111
2 186
1 163
3 415
2 98
3 386
1 78
10 944
1 154
1 86
3 177
3 379
1 88
3 386
12 895
1 52
1 138
2 206
2 249
1 86
3 271
2 171
1 36
17 1226
3 415
11 993
7 360
1 99
8 497
25 2068
25 2068
1 11
25 2068
14 1090
16 1243
25 2068
1 154
6 747
8 775
2 168
17 1389
33 2806
1 106
3 201
33 2806
50 4195
6 747
34 3062
2 179
1 148
49 4141
33 3021
33 3021
55 4815
8 903
3 76
55 4815
55 4815
2 19
97 8658
8 903
7 494
1 42
99 8876
1 9
1 71
102 8805
102 8805
102 8805
101 8748
101 8748
102 8896
104 9120
104 9120
104 9120
104 9120
102 8968
107 9301
1 98
1 32
1 3
1 43
1 118
1 59
1 62
1 22
1 25
2 143
1 44
1 55
1 20
1 119
1 129
1 87
2 162
1 31
1 64
1 62
1 28
1 81
3 217
5 443
1 128
1 10
2 77
1 75
1 101
1 117
2 108
1 80
1 87
3 269
1 3
3 319
1 56
1 113
13 815
1 79
2 70
6 444
1 66
1 100
1 53
12 754
1 132
3 240
6 444
1 34
6 549
1 108
24 1623
6 444
1 112
3 154
7 502
6 444
3 267
1 68
26 1766
3 240
1 45
1 45
1 22
2 129
29 1950
8 602
1 29
1 17
8 602
1 68
13 856
38 2624
8 546
39 2683
39 2683
39 2683
6 568
40 2755
41 2789
2 106
78 5296
86 6001
85 5901
85 5901
85 5901
85 5901
7 514
1 47
1 117
90 6255
90 6255
90 6255
90 6255
90 6255
4 342
2 224
94 6460
94 6460
106 7321
107 7397
107 7397
107 7397
107 7397
108 7501
108 7501
109 7569
109 7569
1 117
2 224
1 47
111 7656
111 7656
116 8044
1 31
118 8160
120 8384
1 31
120 8384
120 8384
122 8586
125 8795
1 117
125 8795
125 8795
125 8795
125 8795
126 8797
126 8797
127 8830
126 8780
126 8780
126 8780
126 8780
125 8775
125 8775
125 8775
125 8775
125 8775
125 8775
126 8820
126 8820
126 8820
126 8820
126 8820
2 35
126 8820
1 210
1 171
1 184
1 187
1 17
1 57
1 169
1 98
1 264
1 150
1 38
1 135
1 90
1 45
1 224
1 88
1 38
1 252
1 250
1 225
1 213
1 219
1 133
1 89
1 254
2 411
1 249
1 232
1 123
2 287
3 488
2 412
1 174
1 73
1 144
1 167
1 54
2 357
2 193
1 21
4 566
2 320
1 221
3 678
1 249
1 47
1 227
1 213
3 403
1 195
1 161
3 386
2 174
1 212
1 14
1 247
3 131
1 267
1 236
1 6
3 402
1 214
1 225
1 135
1 243
7 1003
2 174
1 48
2 320
1 212
1 193
2 61
2 82
1 235
1 145
1 247
1 246
1 263
1 228
2 252
3 386
1 135
1 213
2 151
3 592
1 269
2 392
1 31
2 277
1 79
3 386
1 79
1 177
3 403
4 513
3 237
1 235
1 244
3 386
1 47
14 2121
1 90
2 391
8 1416
3 284
17 2077
16 1905
1 236
5 817
11 1858
17 2077
2 200
1 171
1 2
2 366
17 2077
2 268
3 212
33 4357
1 54
23 3867
2 200
21 2716
40 4956
3 131
5 817
2 111
63 8761
67 9375
4 687
1 235
71 9765
12 1323
3 381
6 840
73 10170
3 377
1 233
1 224
6 1135
5 939
73 10339
5 282
71 10127
3 377
9 1369
1 267
9 1369
1 106
1 64
105 14140
108 14622
108 14622
109 14662
127 17341
1 222
130 17843
130 17843
133 18301
135 18433
5 600
135 18433
136 18600
18 1799
142 19611
1 92
160 21410
1 135
168 22466
1 235
168 22466
2 310
167 22277
167 22277
182 24800
182 24800
182 24800
2 111
188 25818
1 74
2 273
189 25875
189 25875
1 219
1 22
188 25612
199 26979
1 98
4 647
205 27997
1 177
205 27997
205 27997
206 28216
207 28469
208 28592
208 28592
1 111
208 28592
208 28592
213 29165
214 29266
215 29501
216 29632
216 29632
216 29632
218 29972
218 29972
218 29972
3 386
218 29972
218 29972
218 29972
218 29972
218 29972
218 29972
218 29972
218 29972
218 29972
220 30260
220 30260
220 30260
220 30260
220 30260
220 30260
220 30260
220 30260
220 30260
220 30260
220 30260
220 30260
1 114
2 273
219 30169
219 30169
220 30248
1 208
221 30273
222 30310
222 30310
229 31135
229 31135
232 31647
1 58
236 32287
242 33207
242 33207
242 33207
242 33207
2 386
242 33207
243 33436
244 33454
247 34234
247 34234
247 34234
247 34234
247 34234
247 34234
247 34234
247 34234
1 226
247 34234
2 328
247 34234
2 328
247 34234
247 34234
248 34332
249 34435
249 34435
249 34435
249 34435
249 34435
248 34233
248 34233
248 34233
248 34233
248 34233
248 34233
248 34233
248 34233
248 34233
249 34372
250 34430
252 34886
253 34977
253 34977
252 34766
252 34766
252 34766
258 35519
258 35519
258 35519
258 35519
258 35519
258 35519
1 73
259 35584
261 35905
261 35905
261 35905
261 35905
261 35905
261 35905
1 43
261 35905
261 35905
261 35905
261 35905
262 35983
262 35983
262 35983
262 35983
262 35983
262 35983
262 35983
262 35983
262 35983
262 35983
263 36026
263 36026
263 36026
263 36026
263 36026
263 36026
263 36026
263 36026
263 36026
263 36026
263 36026
2 328
265 36296
265 36296
265 36296
2 328
265 36296
265 36296
265 36296
265 36296
265 36296
265 36296
265 36296
265 36296
1 226
265 36296
265 36296
266 36498
266 36498
266 36498
266 36498
266 36498
266 36498
266 36498
267 36604
267 36604
267 36604
267 36604
267 36604
267 36604
267 36604
267 36604
269 36932
269 36932
269 36932
269 36932
269 36932
269 36932
269 36932
269 36932
269 36932
269 36932
269 36932
269 36932
269 36932
269 36932
269 36932
269 36932
270 37199
270 37199
270 37199
270 37199
270 37199
270 37199
270 37199
270 37199
270 37199
270 37199
271 37425
271 37425
271 37425
271 37425
271 37425
271 37425
271 37425
271 37425
271 37425
271 37425
271 37425
271 37425
271 37425
271 37425
271 37425
271 37425
271 37425
272 37491
272 37491
272 37491
272 37491
272 37491
272 37491
272 37491
272 37491
272 37491
272 37491
272 37491
272 37491
272 37491
272 37491
272 37491
272 37491
272 37491
272 37491
272 37491
272 37491
272 37491
272 37491
272 37491
272 37491
272 37491
272 37491
272 37491
272 37491
272 37491
272 37491
272 37491
272 37491
272 37491
272 37491
272 37491
1 75
1 37
1 61
1 153
1 16
1 100
1 99
1 33
1 36
1 9
1 19
1 166
1 99
1 141
1 34
1 3
2 195
1 26
1 107
1 49
2 335
1 136
1 32
1 25
2 156
2 287
1 63
1 36
1 39
1 39
1 26
4 460
2 247
3 197
2 172
3 442
1 14
9 765
1 62
3 179
2 77
3 442
3 442
1 82
12 1009
1 156
1 18
2 37
1 4
4 315
8 977
7 699
1 104
1 98
3 179
1 69
1 82
12 978
1 156
1 64
8 977
4 472
3 76
4 477
11 999
1 33
1 63
25 2325
3 186
1 144
34 3287
20 1983
2 119
2 263
2 234
7 668
75 7513
1 117
77 7795
3 186
78 7860
2 84
1 127
1 148
86 8632
87 8717
87 8717
87 8717
1 107
99 9731
2 154
99 9731
99 9731
99 9731
5 533
101 9913
102 10015
102 10015
102 10015
1 41
102 10015
103 10026
108 10535
108 10535
107 10422
2 112
3 76
1 147
110 10608
110 10608
111 10735
3 306
2 112
111 10526
2 94
2 173
112 10633
112 10633
2 271
2 178
119 11235
123 11437
123 11403
123 11403
1 41
1 21
123 11403
4 267
123 11403
1 111
128 11878
1 21
127 11749
2 178
131 12016
141 13033
141 13033
141 13033
1 53
141 13033
141 13033
1 53
9 791
143 13195
143 13195
1 21
142 13030
142 13030
1 70
142 13030
1 41
143 13202
143 13202
9 791
144 13321
1 70
144 13321
144 13321
144 13321
143 13293
143 13293
2 134
142 13227
142 13227
145 13474
147 13544
147 13544
147 13544
12 1050
146 13438
146 13438
146 13438
146 13485
146 13485
13 1133
147 13506
147 13506
146 13336
146 13336
146 13336
160 14556
2 70
1 91
1 72
2 169
2 161
1 104
1 17
1 4
5 235
1 26
4 232
1 51
1 100
7 477
1 129
1 85
1 44
3 203
1 41
1 122
1 87
1 90
1 116
1 21
12 893
1 28
3 136
2 129
4 232
2 89
1 47
1 120
2 177
7 531
1 104
6 316
1 8
23 1640
1 19
2 179
24 1696
1 115
10 853
2 88
4 200
1 98
34 2549
6 500
1 14
51 3569
49 3455
7 613
49 3455
1 2
1 28
1 156
1 20
1 131
1 24
1 47
1 23
1 52
1 168
1 124
1 103
1 147
1 56
1 90
1 26
1 51
1 165
1 37
1 146
4 492
1 75
2 100
1 148
2 165
5 529
3 455
1 118
1 37
2 219
1 130
2 219
1 156
1 87
1 154
1 136
5 483
2 219
1 6
1 74
2 199
5 551
1 43
1 79
2 83
3 214
2 222
5 551
5 551
1 85
2 83
1 143
3 90
7 650
1 79
14 1234
1 114
1 81
1 125
7 650
1 98
2 88
13 1102
3 192
8 576
14 1204
2 195
8 1011
8 1011
1 122
1 93
1 127
2 219
21 1762
1 71
21 1762
2 247
2 167
25 1985
22 1900
1 123
30 2433
28 2609
29 2634
2 148
1 127
2 210
29 2634
1 125
1 114
1 171
1 59
1 168
1 147
1 168
2 113
1 39
1 144
1 45
1 31
1 31
1 125
1 10
1 114
2 196
1 38
1 157
1 21
1 31
6 667
2 252
2 182
2 254
1 163
3 267
1 104
3 260
1 71
3 270
1 107
6 667
1 69
2 170
1 63
1 49
2 196
1 79
2 170
5 491
1 16
1 46
1 37
2 130
2 82
1 185
2 77
1 78
1 73
2 161
3 307
16 1444
7 820
5 491
7 820
5 491
16 1444
4 509
3 177
2 249
2 232
2 216
1 25
2 60
24 2183
2 311
4 445
3 158
1 140
1 182
5 334
1 89
30 2679
30 2679
6 813
14 1454
2 71
1 149
6 813
2 311
24 2263
26 2381
1 144
2 329
1 32
1 149
6 670
1 107
1 136
7 721
48 4196
1 74
2 213
93 8478
93 8478
3 297
93 8478
2 329
13 1276
101 9276
1 131
1 94
2 213
110 10077
110 10077
115 10672
115 10672
115 10672
9 938
134 12270
134 12270
137 12616
9 938
140 12946
151 14104
151 14104
151 14104
152 14215
152 14215
152 14215
3 293
152 14215
152 14215
1 176
152 14215
152 14215
152 14215
154 14453
155 14516
157 14742
157 14742
157 14742
157 14742
157 14742
158 14850
158 14850
158 14850
158 14850
158 14850
158 14850
1 116
160 15040
163 15239
163 15239
1 6
163 15239
163 15239
165 15325
165 15325
167 15490
167 15490
167 15490
167 15490
1 36
1 74
1 77
1 17
1 48
1 33
2 89
1 61
1 20
1 33
1 6
1 16
2 109
1 36
1 18
1 38
1 88
1 83
2 199
1 27
2 129
1 32
1 80
2 112
1 77
1 19
2 50
2 50
1 62
1 99
1 13
1 94
1 25
1 78
1 109
1 96
3 161
1 84
3 175
1 7
3 161
1 34
5 251
1 94
1 3
2 194
4 145
1 3
3 175
2 50
1 105
1 110
6 367
6 367
1 100
1 48
15 811
1 136
1 117
1 36
1 55
1 136
1 182
1 96
1 139
1 30
1 135
1 81
1 11
3 224
1 54
2 267
1 152
2 417
1 250
2 319
1 190
3 408
1 8
1 233
4 613
1 197
1 100
1 181
2 143
1 19
1 176
1 140
3 408
1 89
1 123
1 174
2 435
1 39
1 85
2 209
1 3
3 283
3 283
1 224
1 168
1 70
3 356
2 324
1 216
1 252
1 61
2 143
2 319
1 229
6 651
6 780
1 140
2 289
1 104
2 289
14 1838
6 639
1 221
3 619
1 126
1 13
5 426
7 665
1 169
1 173
1 227
1 25
1 77
8 990
1 192
3 382
2 275
8 770
4 522
2 147
10 1149
1 227
8 770
5 583
5 583
4 522
1 205
6 863
2 144
4 377
10 1332
12 1380
1 56
2 144
2 360
2 90
1 140
7 1150
1 24
1 133
6 586
1 230
9 994
1 160
11 1480
1 59
4 377
8 1001
9 1478
4 377
5 929
37 4642
3 510
1 133
1 229
26 3089
1 56
5 436
2 161
1 227
7 583
8 1001
9 1478
5 929
8 1001
4 775
9 1478
71 8397
2 322
1 216
71 8397
1 198
1 175
80 9875
4 374
11 1480
84 10249
11 1480
111 13529
111 13529
2 284
3 333
11 1480
2 293
1 255
2 161
134 16483
1 50
2 161
136 16755
1 78
3 243
137 16854
143 17943
15 2002
1 9
2 293
144 18101
1 201
1 5
146 18423
152 19140
152 19140
1 56
4 775
173 22054
2 417
176 22421
176 22421
1 201
176 22421
2 322
181 23235
182 23404
1 198
182 23404
183 23462
1 202
184 23571
1 241
184 23571
184 23571
1 72
4 775
1 245
187 23953
1 140
192 24793
4 775
193 24985
193 24985
193 24985
193 24985
193 24985
1 8
193 24985
193 24985
193 24985
198 25732
1 233
1 216
204 26628
205 26636
205 26636
205 26636
205 26636
205 26636
205 26636
206 26891
206 26891
206 26891
211 27332
211 27332
210 27279
1 27
210 27279
211 27363
1 233
211 27363
212 27516
5 509
213 27694
1 81
215 27971
220 28480
220 28480
220 28480
1 82
219 28416
219 28416
219 28416
223 28695
226 29028
228 29290
228 29290
228 29290
228 29290
228 29290
230 29432
230 29432
230 29432
231 29491
231 29491
231 29491
231 29491
231 29491
231 29491
231 29491
232 29519
232 29519
232 29519
232 29519
233 29600
233 29600
234 29845
234 29845
234 29845
234 29845
234 29845
234 29845
234 29845
234 29845
234 29845
235 30061
235 30061
234 29975
234 29975
234 29975
234 29975
235 30171
235 30171
235 30171
235 30171
1 166
235 30171
235 30171
235 30171
237 30438
238 30620
239 30702
239 30702
240 30757
240 30757
240 30757
240 30757
240 30757
240 30757
240 30757
1 19
240 30757
240 30757
241 30791
241 30791
242 30841
242 30841
242 30841
242 30841
242 30841
242 30841
241 30837
241 30837
241 30837
241 30837
241 30837
241 30837
243 31015
243 31015
243 31015
243 31015
243 31015
242 30781
1 133
242 30781
3 404
242 30781
242 30781
242 30781
242 30781
242 30781
242 30781
242 30781
242 30781
242 30781
242 30781
242 30781
242 30781
241 30661
241 30661
241 30661
241 30661
1 13
241 30661
241 30661
244 31065
244 31065
245 31290
245 31290
245 31290
245 31290
245 31290
245 31290
245 31290
245 31290
245 31290
245 31290
245 31290
245 31290
245 31290
245 31290
245 31290
245 31290
245 31290
246 31517
246 31517
246 31517
246 31517
246 31517
246 31517
246 31517
246 31517
246 31517
247 31764
249 31885
249 31885
249 31885
249 31885
248 31824
248 31824
248 31824
248 31824
248 31824
248 31824
248 31824
248 31824
248 31824
248 31824
248 31824
248 31824
248 31824
248 31824
248 31824
248 31824
248 31824
1 28
1 243
1 205
1 260
1 134
2 210
1 197
1 29
1 134
1 152
1 99
1 57
1 27
2 257
2 197
1 116
3 349
3 520
1 256
1 96
1 62
2 436
1 209
1 156
1 187
1 182
6 825
1 264
1 152
1 149
2 377
1 241
1 62
1 121
1 8
1 44
1 209
3 434
1 136
4 587
1 263
1 61
6 825
1 2
1 88
1 54
2 237
4 587
1 39
1 35
3 349
2 235
3 434
1 97
1 54
1 225
8 868
2 171
1 253
1 24
1 266
1 83
1 2
2 307
1 216
2 377
8 868
1 184
1 83
2 387
6 787
1 44
1 216
3 434
9 1459
6 651
1 221
1 138
1 179
1 181
2 216
2 221
1 38
11 1785
2 311
1 260
1 184
1 61
6 787
1 261
13 1687
1 39
9 1007
3 474
5 664
2 307
1 109
7 811
2 373
1 35
1 25
1 137
11 1414
1 135
1 138
12 1975
1 94
12 1564
12 1564
2 350
1 220
1 253
7 790
1 18
7 585
1 174
1 218
1 55
10 1384
3 347
1 174
3 411
4 464
8 1153
7 790
50 7572
2 350
2 387
2 432
4 581
9 1037
1 144
9 1342
3 517
3 517
1 22
1 143
1 18
6 1059
7 790
58 8354
1 175
1 247
1 24
2 283
1 92
2 243
2 500
1 81
10 1269
1 226
3 434
2 247
71 10361
13 1480
2 329
2 243
2 170
26 3389
26 3389
1 89
71 10462
1 45
1 106
1 37
89 12740
97 13726
28 3845
28 3845
28 3845
2 193
2 500
8 1014
1 264
125 17571
4 749
132 18564
133 18619
133 18619
1 137
133 18619
4 541
3 314
12 1438
1 17
1 19
152 20933
1 247
155 21394
156 21431
156 21431
1 169
1 185
10 1197
3 440
167 22585
1 217
1 185
170 23259
1 35
171 23358
171 23358
171 23308
15 1757
15 1757
2 136
187 25242
2 152
187 25242
2 299
188 25459
190 25529
190 25529
189 25372
189 25372
189 25372
189 25372
1 185
189 25372
1 48
189 25372
189 25372
189 25372
3 434
201 26999
201 26999
204 27313
204 27292
1 144
207 27425
207 27425
209 27841
1 144
216 28573
216 28573
216 28573
220 29119
220 29119
2 299
219 29089
219 29089
219 29089
219 29089
219 29089
1 48
222 29358
224 29790
224 29790
225 29899
225 29899
2 167
1 198
226 29909
1 226
226 29909
227 30127
229 30347
228 30108
228 30108
1 144
228 30108
228 30108
228 30108
229 30277
2 167
1 185
232 30607
3 434
234 30968
237 31608
237 31608
237 31608
237 31608
237 31608
237 31608
237 31608
240 32042
240 32042
240 32042
240 32042
240 32042
242 32178
242 32178
242 32178
242 32178
243 32272
243 32272
243 32272
243 32272
243 32272
1 176
1 80
1 30
1 45
2 208
1 16
1 166
2 186
1 9
3 367
1 177
1 178
1 37
1 156
2 179
1 180
1 2
1 88
1 105
1 84
1 110
1 21
1 43
2 60
1 138
1 28
1 122
1 139
1 126
1 11
1 9
1 168
2 179
1 128
3 324
1 97
1 53
1 14
1 17
1 137
2 284
1 169
1 20
1 141
1 126
1 35
1 178
1 77
1 106
1 168
2 284
2 128
1 136
1 39
2 320
2 284
2 239
5 511
1 133
4 433
1 104
1 8
10 1238
2 241
1 171
6 652
3 256
7 555
16 1709
3 361
16 1709
1 15
1 54
4 320
1 87
4 433
2 238
9 716
1 149
4 519
2 320
3 204
1 62
9 716
3 238
25 2465
3 238
18 1866
2 320
6 621
22 2261
6 621
22 2261
24 2323
10 884
22 2261
25 2516
2 199
2 236
1 24
37 3858
11 957
4 360
60 6167
60 6167
4 335
68 7012
68 7012
2 158
1 53
68 7012
1 123
17 1418
69 7101
70 7224
1 59
1 64
1 126
1 224
1 157
1 138
1 13
1 6
1 167
2 279
1 204
1 186
1 127
1 107
1 120
1 81
1 61
1 191
3 547
1 115
2 273
1 59
1 222
1 52
2 247
1 149
3 547
3 169
2 278
1 165
1 86
1 177
1 188
1 104
1 104
5 684
1 125
1 6
3 292
1 143
2 384
1 119
1 10
1 92
1 196
1 148
4 490
1 86
2 370
3 325
2 245
2 123
2 256
5 836
1 30
4 508
1 206
2 190
3 323
5 836
1 11
1 90
5 836
1 90
2 172
1 227
1 234
1 72
1 4
2 184
1 200
3 537
3 537
1 174
4 458
3 325
2 123
3 132
1 14
7 1073
5 529
13 1989
2 78
2 242
7 1073
1 204
7 1098
13 1989
5 575
5 529
2 172
5 738
2 242
3 328
2 267
1 176
12 1441
5 477
1 18
9 991
3 444
1 153
1 99
12 1441
1 13
2 83
1 234
1 133
1 176
2 242
11 1729
8 1242
1 27
1 218
15 2420
11 1729
1 219
34 3888
48 6076
48 6076
1 93
2 189
2 124
3 305
1 153
1 40
1 133
19 2902
12 1732
2 109
12 1732
2 246
57 7554
3 446
6 731
2 115
2 242
62 8083
62 8083
1 101
1 99
1 227
74 9953
74 9953
4 395
3 403
10 1004
10 1004
4 488
3 449
92 12091
18 2754
110 14845
110 14845
110 14845
4 488
1 25
111 14856
4 697
10 1004
126 16744
2 83
2 115
145 18819
1 10
2 115
145 18819
147 19040
2 247
147 19040
150 19389
5 310
152 19719
4 459
6 839
156 20225
2 247
162 21064
162 21064
162 21064
8 755
163 21182
1 173
164 21407
164 21407
164 21407
5 615
177 22918
177 22918
177 22918
1 212
181 23329
181 23329
187 23983
187 23983
187 23983
187 23983
2 261
186 23971
186 23971
186 23971
186 23971
4 592
186 23971
2 215
189 24298
192 24645
192 24645
198 25299
200 25662
200 25662
200 25662
200 25662
200 25662
200 25662
200 25662
2 215
200 25662
1 54
201 25774
202 25905
202 25905
2 338
201 26021
201 26021
201 26021
201 26021
201 26021
208 26883
208 26883
208 26883
210 27130
210 27130
211 27295
211 27295
212 27424
213 27523
213 27523
213 27523
3 385
213 27523
213 27523
214 27527
214 27527
214 27527
214 27527
215 27552
215 27552
215 27552
215 27552
215 27552
215 27552
215 27552
215 27552
215 27552
215 27552
216 27689
216 27689
216 27689
216 27689
216 27689
3 121
216 27689
216 27689
216 27689
216 27689
216 27689
216 27689
216 27689
216 27689
216 27689
216 27689
216 27689
217 27813
217 27813
217 27813
217 27813
217 27813
219 27985
221 28293
221 28293
221 28293
224 28549
224 28549
224 28549
224 28549
224 28549
224 28549
224 28549
224 28549
224 28549
224 28549
224 28549
2 261
226 28810
226 28810
226 28810
226 28810
2 338
226 28810
226 28810
227 28910
227 28910
228 28981
228 28981
228 28981
229 29013
229 29013
229 29013
229 29013
229 29013
230 29062
230 29062
229 29035
1 82
231 29108
231 29108
231 29108
231 29108
231 29108
231 29108
231 29108
231 29108
231 29108
231 29108
231 29108
231 29108
230 28971
230 28971
230 28971
230 28971
230 28971
229 28829
229 28829
230 28911
230 28911
230 28911
232 29249
232 29249
232 29249
232 29249
232 29249
234 29310
234 29310
234 29310
234 29310
234 29310
234 29310
234 29310
234 29310
234 29310
235 29364
235 29364
1 218
235 29364
235 29364
235 29364
235 29364
235 29364
237 29478
237 29478
237 29478
1 31
1 13
1 4
1 108
1 59
1 75
1 18
1 83
2 178
1 72
1 64
1 102
2 57
1 39
1 72
3 253
1 1
2 183
1 104
2 183
1 67
1 81
2 52
3 156
1 61
3 35
3 69
1 82
2 116
4 226
4 226
1 109
1 16
1 30
3 35
1 36
1 65
2 137
1 65
4 267
3 197
2 102
1 30
1 26
10 584
1 97
5 255
1 41
1 36
7 403
3 161
4 267
1 51
11 600
5 255
1 21
2 183
1 6
2 119
2 209
13 788
1 4
14 873
1 281
1 234
1 85
1 135
1 28
1 68
1 283
2 528
1 48
1 37
1 227
2 316
1 85
1 6
1 184
1 117
1 30
2 204
1 16
1 253
1 160
3 383
1 190
1 116
1 13
1 146
1 88
1 123
3 409
1 243
1 100
1 8
3 385
1 2
1 193
1 220
1 183
1 30
2 405
3 766
1 184
2 441
3 600
1 166
2 386
1 153
1 50
1 148
3 497
1 105
1 14
1 241
1 43
1 122
1 243
1 196
2 182
1 80
1 228
1 187
2 275
1 35
1 192
1 204
1 263
1 175
1 91
3 448
1 223
2 186
1 135
1 146
1 168
1 71
1 265
1 124
1 277
4 527
1 236
1 89
2 441
1 198
2 193
1 227
3 349
2 315
2 421
2 193
2 357
3 342
1 18
2 172
2 182
1 257
6 914
3 396
6 1064
1 18
1 103
1 279
2 350
2 297
13 1698
1 117
1 29
3 333
2 315
2 350
1 160
2 9
1 19
15 2027
2 475
1 11
3 404
29 4461
29 4461
1 198
15 2027
1 263
2 308
1 43
3 668
29 4461
2 182
1 22
2 355
28 4342
28 4342
16 2146
1 147
3 284
2 139
7 817
12 1589
47 6798
1 62
1 74
1 50
2 416
1 277
52 7284
1 16
1 209
1 151
10 1568
1 103
1 168
3 342
1 76
5 706
2 441
9 1258
4 831
80 11110
9 1208
8 818
2 316
2 400
1 223
88 12118
2 245
9 1258
9 1208
9 1208
9 1258
103 14403
1 29
103 14403
1 11
116 16359
9 977
116 16359
7 951
117 16546
2 308
2 310
1 14
116 16359
116 16481
2 209
2 182
116 16481
116 16481
1 263
116 16481
1 91
119 16527
125 17044
125 17044
1 138
125 17044
9 1551
5 628
141 19812
141 19812
2 148
143 20021
153 21601
5 709
156 22052
156 22052
157 22124
5 894
1 160
3 668
158 22251
158 22251
158 22251
160 22591
165 23485
1 265
1 151
165 23485
165 23485
1 152
5 689
166 23718
2 350
5 709
1 65
188 26257
1 14
193 27017
193 27017
195 27324
195 27324
195 27324
195 27324
195 27324
195 27324
195 27324
202 28386
203 28450
204 28563
209 29272
209 29272
1 243
209 29272
209 29272
1 170
1 154
219 30700
219 30700
219 30700
219 30700
219 30700
219 30700
219 30700
1 220
219 30700
223 31490
224 31642
224 31642
224 31642
225 31656
225 31656
225 31656
234 32732
236 33077
235 32938
235 32938
235 32938
5 677
237 33283
237 33283
3 320
237 33283
236 33200
236 33200
236 33200
241 33877
241 33877
241 33877
244 34224
244 34224
2 416
246 34433
246 34433
1 32
248 34874
248 34874
248 34874
248 34874
248 34874
1 280
248 34874
248 34874
1 135
248 34874
248 34874
248 34874
253 35437
253 35437
254 35680
254 35680
261 36865
261 36865
261 36865
261 36865
261 36865
263 36984
263 36984
263 36984
263 36984
263 36984
263 36984
263 36984
263 36984
263 36984
263 36984
1 171
263 36984
263 36984
265 37400
265 37400
265 37400
265 37400
265 37400
265 37400
265 37400
1 265
266 37679
266 37679
266 37679
266 37679
266 37679
266 37679
266 37679
266 37679
266 37679
266 37679
266 37679
266 37679
266 37679
267 37877
267 37877
1 105
1 42
1 87
2 19
1 39
2 75
1 26
1 118
1 94
1 28
1 6
1 20
1 35
2 164
1 79
2 121
1 71
1 38
1 18
3 219
2 75
1 43
1 97
2 216
1 53
1 10
2 145
2 145
5 300
2 98
4 348
4 149
1 76
5 236
4 348
1 73
2 72
4 149
1 101
3 219
4 346
6 529
2 81
9 674
6 403
1 65
1 100
2 68
1 56
10 455
11 806
6 403
1 86
5 236
11 806
6 434
4 320
1 123
1 70
18 1016
30 2046
18 1016
4 276
50 3202
50 3202
2 36
50 3202
50 3202
1 122
1 49
6 495
1 122
85 5645
85 5645
85 5645
89 5929
88 5847
1 76
88 5847
88 5847
1 232
1 80
1 118
1 280
1 261
1 228
1 77
1 115
1 216
1 247
1 67
1 191
1 212
1 214
1 235
1 295
1 281
4 518
1 137
1 18
1 147
3 634
2 360
1 146
1 143
1 49
1 62
3 361
3 540
1 58
3 540
1 261
1 213
1 4
4 725
1 264
2 246
2 144
1 2
1 247
1 86
2 315
2 451
5 839
3 540
1 33
2 315
3 540
1 288
2 285
2 94
1 84
3 548
1 146
2 94
5 860
2 300
2 140
1 106
1 14
2 359
3 548
5 894
2 588
1 277
1 123
5 894
2 390
2 223
3 578
1 65
2 451
8 1104
1 146
8 1373
2 390
2 324
2 474
1 4
1 75
6 638
2 494
8 1373
3 263
2 472
1 11
4 582
1 26
1 232
10 1364
4 602
4 927
2 274
1 131
10 1364
4 717
1 188
1 255
1 11
29 3916
6 638
1 4
3 481
1 17
3 540
29 3916
1 178
3 263
29 3916
9 1437
1 287
4 593
8 1522
1 124
1 4
3 394
1 75
4 412
1 26
1 232
5 640
1 18
6 1054
1 15
1 106
2 75
8 1177
1 98
2 235
58 8411
7 1468
58 8411
3 540
58 8411
6 803
3 412
8 1177
8 1177
6 1029
3 370
5 640
1 145
1 170
1 64
66 9527
6 1231
2 170
7 1057
1 181
68 9776
72 10188
3 766
72 10188
1 117
8 1210
73 10400
6 1231
1 188
9 1251
74 10630
15 1929
5 725
1 31
5 865
1 134
1 109
1 80
1 118
1 119
1 93
1 13
1 67
1 108
2 148
1 132
1 79
1 110
2 114
1 83
2 118
4 397
1 26
1 90
1 24
1 70
1 52
2 35
1 123
1 58
3 187
1 4
2 35
1 46
2 125
1 134
4 397
3 252
2 118
4 397
2 148
2 205
1 40
1 108
1 85
1 20
7 509
1 35
1 64
2 126
2 60
7 540
1 86
4 210
13 987
2 60
13 987
14 988
2 60
14 988
9 667
17 1375
13 996
6 358
36 2685
1 18
1 73
38 2752
1 57
19 1468
44 3194
2 157
10 731
2 126
50 3552
1 10
50 3552
1 15
2 122
2 157
52 3582
21 1528
52 3582
53 3675
76 5359
5 265
78 5485
78 5485
1 17
93 6539
4 167
96 6705
95 6660
95 6660
95 6660
1 44
97 6840
98 6973
98 6973
98 6973
98 6973
98 6973
98 6973
109 7496
109 7496
1 26
1 124
108 7487
108 7487
108 7487
1 18
110 7554
114 7869
114 7869
114 7869
1 26
115 7857
121 8405
121 8405
121 8405
122 8420
122 8420
122 8420
122 8420
122 8420
122 8420
122 8420
122 8420
122 8420
122 8420
122 8420
123 8430
127 8662
1 83
128 8737
128 8737
128 8737
128 8737
129 8755
129 8755
129 8755
130 8772
130 8772
130 8772
130 8772
1 73
1 13
1 88
1 59
1 114
1 41
1 26
2 113
3 227
1 43
1 26
3 146
1 52
1 62
2 97
3 129
4 340
3 133
2 107
1 71
3 194
4 340
6 359
5 409
1 49
1 71
1 53
1 79
3 99
1 85
1 13
1 28
1 119
6 234
7 518
1 107
1 74
7 518
7 518
22 1332
22 1332
23 1348
9 579
10 639
3 214
8 317
11 589
3 214
38 2266
11 589
3 144
6 385
1 66
1 6
1 13
63 3789
77 4522
4 253
77 4522
83 4907
1 56
84 5012
84 5012
3 179
4 253
89 5444
89 5444
91 5513
1 6
2 147
94 5707
94 5707
94 5707
95 5780
98 5959
98 5959
1 66
98 5959
98 5959
2 78
1 104
98 5959
98 5959
2 67
99 5983
99 5983
99 5983
100 6034
1 98
100 6034
100 6034
2 65
101 6116
101 6116
101 6116
103 6183
104 6275
104 6275
104 6275
104 6261
104 6261
106 6394
105 6298
105 6298
2 153
105 6298
108 6510
3 161
108 6510
108 6510
108 6510
108 6510
108 6510
108 6510
109 6529
109 6529
109 6529
110 6599
110 6599
110 6599
110 6599
110 6599
110 6599
110 6599
110 6599
110 6599
110 6599
110 6599
110 6599
110 6599
112 6688
112 6688
112 6688
114 6826
114 6826
114 6826
1 99
114 6826
114 6826
114 6826
114 6826
114 6826
114 6826
114 6826
114 6826
114 6826
114 6826
114 6826
1 13
114 6826
114 6826
115 6925
115 6925
115 6925
115 6925
115 6925
115 6925
115 6925
115 6925
115 6925
115 6925
115 6925
115 6925
115 6925
115 6925
115 6925
115 6925
115 6925
115 6925
115 6925
115 6925
115 6925
115 6925
1 6
115 6925
115 6925
115 6925
1 72
1 124
1 84
1 37
1 89
1 107
1 182
1 182
1 111
1 92
2 97
2 121
1 141
1 76
1 2
1 47
1 67
1 16
1 84
1 104
1 88
1 175
1 14
1 8
1 135
1 170
1 27
1 51
1 75
5 518
1 33
1 55
1 137
1 44
1 176
1 103
3 172
1 184
1 18
1 3
1 54
1 44
3 172
1 85
2 310
2 137
1 142
1 36
1 141
1 60
1 106
1 32
2 185
1 145
1 102
1 112
3 321
1 102
1 143
3 268
2 75
1 175
3 321
1 46
3 172
1 127
1 68
2 196
2 119
1 81
3 140
1 85
3 140
1 173
2 191
1 145
2 243
5 366
3 391
2 217
3 156
2 191
1 27
4 419
2 224
2 107
1 35
20 1951
1 46
3 308
1 37
1 50
9 908
10 933
3 356
1 162
1 109
22 2120
3 268
2 211
1 95
3 308
1 165
26 2359
1 46
48 4197
2 124
2 343
4 527
2 191
3 245
1 189
66 6059
67 6094
7 641
6 448
66 6043
3 391
3 356
2 288
7 671
4 345
72 6268
4 421
4 242
72 6268
2 124
3 365
80 6825
82 6959
4 242
7 641
91 8014
91 8014
3 345
2 343
90 7827
90 7827
97 8468
99 8637
1 108
101 8767
1 32
2 213
1 157
1 188
1 67
2 47
1 33
1 187
1 68
1 113
1 66
1 19
2 203
1 167
2 141
1 59
2 120
1 3
2 156
1 12
1 95
1 74
1 191
1 10
2 47
1 38
1 99
2 120
4 335
1 192
5 315
1 151
1 58
5 484
1 116
1 127
2 289
1 148
1 25
3 229
4 269
6 615
2 343
1 20
2 310
6 621
2 217
6 621
1 142
1 128
1 128
1 99
3 115
1 35
3 223
5 484
1 21
4 279
1 163
2 176
3 396
3 238
8 709
2 202
1 156
18 1334
1 95
1 194
6 482
8 642
4 339
2 189
3 229
2 338
1 148
1 192
1 186
1 116
6 514
11 1091
3 269
1 157
6 606
40 3556
7 630
6 725
27 2824
27 2824
1 194
1 7
27 2824
2 203
2 159
6 725
27 2824
27 2824
1 21
2 77
26 2644
29 2882
40 3831
42 3952
6 606
70 6305
70 6305
112 10186
1 156
124 11420
1 100
130 12018
130 12066
6 606
138 13019
7 844
139 13084
139 13084
148 14133
1 167
154 14739
154 14739
154 14739
154 14739
154 14739
154 14739
155 14924
155 14924
155 14924
8 996
155 14924
155 14924
155 14924
1 167
155 14924
155 14924
155 14924
155 14924
155 14924
155 14924
155 14924
155 14924
155 14924
155 14924
2 346
1 70
162 15815
163 15971
2 112
163 16105
1 186
1 155
163 16105
163 16105
163 16105
7 808
168 16598
170 16936
170 16936
170 16936
170 16936
170 16936
170 16936
170 16936
171 17000
177 17744
177 17744
177 17744
177 17744
2 159
177 17744
177 17744
178 17899
178 17899
178 17899
178 17899
179 18085
179 18085
180 18254
180 18254
180 18254
180 18254
180 18254
180 18254
181 18418
182 18488
182 18488
1 127
182 18488
182 18488
182 18488
182 18488
182 18488
182 18488
182 18488
182 18488
181 18425
2 159
183 18590
183 18590
183 18590
183 18590
183 18590
185 18702
2 70
186 18861
186 18861
186 18861
186 18861
1 53
187 18947
187 18947
187 18947
1 141
1 6
1 19
1 61
1 48
1 87
1 29
1 148
1 28
1 38
1 10
1 68
1 45
1 68
1 63
1 100
1 113
1 44
1 148
1 121
1 46
1 159
1 139
1 35
1 140
2 209
1 169
1 94
1 170
2 136
2 73
1 165
1 17
2 200
1 42
1 153
1 84
2 170
2 120
1 117
2 200
2 170
1 6
1 155
2 109
1 34
1 82
1 19
1 45
1 117
2 73
1 117
16 1867
2 73
1 95
2 136
1 122
1 51
2 136
1 144
16 1867
1 113
20 2146
2 218
1 58
2 168
1 65
2 73
3 264
1 69
2 73
3 264
27 2700
8 915
3 328
27 2562
8 915
2 278
2 257
1 50
2 132
1 59
28 2660
2 121
33 3122
1 155
1 83
1 49
1 136
1 133
1 50
1 81
1 187
1 16
1 200
1 40
2 36
1 113
1 59
1 61
1 144
1 66
1 211
1 189
1 85
2 190
1 106
1 46
1 12
1 152
2 107
2 414
1 88
1 155
2 235
1 100
1 69
1 205
1 180
1 174
1 78
1 75
1 102
1 4
1 48
1 35
3 195
1 137
2 235
3 349
5 351
1 204
2 414
3 349
1 88
1 162
5 641
1 52
5 641
1 75
1 185
1 164
2 250
1 163
1 167
1 189
6 529
2 414
1 88
4 239
24 2066
2 81
1 96
4 535
27 2285
5 678
1 202
5 759
2 188
1 69
6 514
2 261
6 529
1 98
1 1
34 3040
1 9
1 87
1 18
1 199
5 678
2 188
1 140
1 96
1 108
36 3316
1 101
1 211
36 3316
13 1356
4 594
1 102
4 309
1 131
1 122
9 975
6 801
41 3663
1 217
28 3123
1 198
12 933
2 183
1 42
28 3123
1 9
47 4539
47 4539
1 26
13 1081
47 4539
5 724
1 47
9 975
60 5931
4 309
112 11745
1 122
11 1775
115 12177
127 13999
127 13999
127 13999
127 13999
14 1699
129 14262
129 14262
132 14741
2 131
4 494
134 14877
134 14877
134 14877
134 14877
134 14877
134 14877
134 14877
134 14877
135 15036
140 15737
140 15737
140 15737
140 15737
2 183
143 16067
14 1617
144 16068
15 1754
146 16385
150 16798
150 16798
151 16962
156 17399
172 19322
172 19322
174 19505
174 19505
174 19505
174 19505
174 19505
176 19830
176 19830
1 37
179 20117
1 85
183 20611
183 20611
183 20611
189 21331
190 21471
190 21471
190 21471
190 21471
190 21471
190 21471
191 21612
191 21612
1 62
1 71
191 21612
192 21697
192 21697
2 36
192 21697
192 21697
192 21697
192 21697
192 21697
192 21697
192 21697
192 21697
192 21697
192 21697
192 21697
192 21697
192 21697
193 21740
1 24
1 47
1 224
1 24
1 48
2 276
1 206
1 100
1 181
2 243
1 99
2 373
1 200
3 414
1 13
2 162
2 245
2 262
2 242
2 65
2 65
2 96
1 53
1 83
3 338
4 414
2 208
2 121
1 60
1 113
1 101
1 110
1 195
1 55
1 7
3 414
1 220
1 98
1 192
1 228
4 414
1 18
1 80
1 69
2 74
3 443
3 271
1 8
1 43
1 191
2 359
4 479
4 510
1 113
5 540
1 239
11 1572
3 438
1 75
4 512
2 373
1 201
9 1197
4 185
1 163
1 145
2 304
1 217
1 36
4 642
1 233
1 21
4 542
10 1376
2 352
1 204
1 247
2 352
4 542
1 8
1 124
4 555
1 187
1 129
6 856
30 3299
30 3299
30 3299
6 777
4 535
1 225
2 219
2 212
8 1132
2 162
15 2099
1 188
15 2099
7 668
58 7010
2 425
1 33
76 9381
1 165
2 162
81 10008
7 894
1 215
94 11169
94 11183
8 846
1 23
1 191
1 157
112 13261
3 251
1 99
113 13471
1 231
113 13471
113 13471
1 241
114 13568
114 13568
117 13978
10 1463
1 203
117 13978
122 14642
122 14642
122 14642
1 247
1 85
1 156
1 138
143 17337
155 18650
154 18416
159 18775
159 18775
159 18775
159 18775
159 18775
159 18775
159 18775
10 1563
4 370
175 20936
2 362
178 21292
179 21327
179 21327
178 21174
4 370
2 223
178 21174
177 21165
177 21165
177 21165
177 21165
1 130
177 21165
1 51
1 77
1 116
1 1
1 97
1 56
1 100
1 111
1 33
1 44
1 6
2 155
1 24
1 96
1 104
1 55
1 24
2 163
6 449
3 87
2 93
1 47
1 51
8 447
1 79
10 676
1 5
1 112
10 676
11 683
10 570
1 1
1 31
3 227
1 24
2 137
10 570
1 105
1 5
28 1636
28 1636
1 24
2 177
13 876
32 1929
1 112
1 121
13 635
38 2440
13 635
2 155
40 2668
13 635
40 2668
1 17
16 1018
86 5220
86 5220
88 5338
1 51
87 5316
86 5283
1 105
1 84
87 5381
87 5381
2 69
87 5381
1 91
1 24
2 69
89 5497
89 5497
1 90
1 51
91 5591
91 5591
92 5645
100 6024
100 6024
99 5978
99 5978
99 5978
100 6094
100 6094
101 6142
3 221
104 6391
1 105
104 6391
104 6391
105 6428
1 12
107 6577
107 6577
108 6615
108 6615
108 6615
108 6615
108 6615
108 6615
108 6615
108 6615
108 6615
108 6615
109 6720
109 6720
109 6720
109 6720
109 6720
109 6720
109 6720
109 6720
109 6720
3 221
109 6720
109 6720
109 6720
109 6720
109 6720
110 6804
113 7025
113 7025
113 7025
113 7025
113 7025
113 7025
114 7112
114 7112
115 7188
115 7188
115 7188
116 7201
116 7201
116 7201
1 16
116 7201
116 7201
116 7201
116 7201
116 7201
116 7201
116 7201
116 7201
116 7201
2 76
116 7201
115 7188
115 7188
115 7188
115 7188
115 7188
115 7188
115 7188
116 7278
116 7278
118 7293
2 76
118 7293
1 131
1 80
1 115
1 236
1 209
1 7
1 99
1 113
1 54
1 258
1 168
1 173
1 33
1 270
1 254
1 68
1 184
1 263
1 44
1 70
2 305
1 78
1 24
1 28
1 176
1 123
1 265
1 121
1 117
1 42
2 188
2 188
1 11
1 198
1 175
1 37
1 148
1 199
1 60
1 99
2 438
1 241
1 73
1 59
7 989
1 255
1 41
2 179
2 339
3 499
1 157
2 395
2 226
2 293
3 448
1 70
1 99
1 179
1 85
6 655
2 263
2 335
1 229
4 630
7 884
1 15
6 975
1 252
2 241
1 115
1 51
17 2403
2 214
5 575
1 231
1 106
1 37
12 2102
2 241
2 214
2 146
2 206
2 46
3 596
25 3836
2 87
2 453
1 210
2 377
2 338
21 2595
2 214
40 5976
12 1371
4 681
1 27
3 195
1 29
2 413
2 206
2 263
40 5976
1 247
1 251
3 195
2 301
1 253
13 1645
1 250
12 1364
22 2836
10 1072
46 6867
11 1338
2 247
1 184
2 471
2 375
2 226
5 613
22 2836
2 214
1 28
3 406
1 215
4 562
1 20
4 471
22 2836
22 2836
21 2667
79 11459
1 28
79 11459
2 471
83 12165
80 11827
1 227
8 919
4 638
1 121
1 131
1 105
1 4
135 19256
135 19256
4 536
136 19370
143 20006
1 278
2 471
146 20384
146 20384
2 371
2 441
160 22574
5 628
1 105
1 27
3 532
168 23804
168 23804
2 241
4 638
169 23988
6 980
2 28
2 441
3 532
172 24489
1 181
2 377
170 24430
171 24450
1 163
171 24450
171 24450
2 228
172 24487
6 596
179 25236
179 25236
179 25236
180 25313
1 155
181 25551
185 26189
185 26164
190 27007
190 27007
190 27007
7 651
7 651
189 26970
189 26970
2 143
190 27197
2 357
190 27206
189 27164
189 27164
189 27164
189 27164
1 151
3 372
190 27174
190 27174
193 27546
201 28437
201 28437
200 28379
201 28490
203 28633
205 28718
2 154
211 29698
211 29698
211 29698
211 29698
211 29698
211 29698
211 29698
211 29698
212 29800
212 29800
212 29800
1 231
3 520
213 29861
213 29861
214 30139
214 30139
216 30353
216 30353
1 147
216 30353
217 30553
217 30553
219 30661
219 30661
221 30810
221 30810
223 31051
223 31051
223 31116
223 31116
224 31144
224 31144
224 31144
224 31144
2 377
225 31388
225 31388
225 31388
2 154
2 154
230 31993
230 31993
230 31993
230 31993
229 31950
1 151
229 31950
229 31950
229 31950
229 31950
232 32205
232 32205
1 251
239 33346
239 33346
239 33346
239 33346
239 33346
239 33346
239 33346
239 33346
239 33346
239 33346
1 161
239 33346
240 33467
240 33467
240 33467
2 374
242 33885
242 33885
248 34863
250 35237
250 35237
2 228
1 99
255 35658
255 35658
255 35658
255 35658
255 35658
255 35658
255 35658
256 35910
256 35910
256 35910
256 35910
256 35910
256 35910
256 35910
256 35910
3 520
259 36430
1 103
259 36430
260 36660
260 36660
260 36660
260 36660
260 36660
260 36660
260 36660
260 36660
260 36660
260 36660
260 36660
260 36660
262 36814
264 37010
264 37010
264 37010
1 151
264 37010
264 37010
264 37010
264 37010
264 37010
264 37010
264 37010
264 37010
264 37010
264 37010
1 103
264 37010
264 37010
264 37010
265 37113
265 37113
265 37113
265 37113
265 37113
267 37341
267 37341
267 37341
266 37077
267 37232
267 37232
267 37232
267 37232
267 37232
267 37232
267 37232
267 37232
267 37232
267 37232
267 37232
267 37232
267 37232
1 151
1 251
267 37232
267 37232
267 37232
267 37232
267 37232
267 37232
267 37232
267 37232
267 37232
267 37232
267 37232
267 37232
267 37232
266 37103
266 37103
266 37103
266 37103
266 37103
266 37103
266 37103
266 37103
266 37103
269 37663
268 37585
268 37585
268 37585
269 37698
270 37725
270 37725
3 455
270 37725
270 37725
270 37725
270 37725
270 37725
2 411
269 37704
269 37704
269 37704
269 37704
269 37704
269 37704
273 38180
273 38180
273 38180
273 38180
273 38180
273 38180
273 38180
274 38450
274 38450
274 38450
274 38450
274 38450
274 38450
274 38450
274 38450
275 38701
275 38701
275 38701
274 38500
274 38500
274 38500
274 38500
274 38500
274 38500
274 38500
274 38500
274 38500
274 38500
274 38500
274 38500
274 38500
274 38500
274 38500
274 38500
1 31
1 31
1 63
1 136
1 132
1 12
1 26
1 146
1 117
1 80
1 2
1 112
1 84
1 138
1 19
1 100
1 6
1 117
2 146
1 145
1 110
1 6
2 150
1 136
1 99
1 123
1 20
1 18
2 169
1 55
2 183
1 71
1 108
1 44
1 147
3 310
3 167
2 136
3 219
1 68
2 136
3 163
4 266
1 59
2 146
1 133
2 154
2 115
1 25
4 266
14 932
2 136
1 118
2 165
1 145
5 316
14 932
1 68
2 154
4 266
8 551
1 80
5 316
5 316
2 187
1 83
1 103
1 127
1 77
62 4879
5 311
65 5138
1 18
2 136
3 129
67 5207
1 91
2 136
1 35
1 141
73 5644
3 121
1 121
1 115
73 5644
1 99
1 28
1 63
74 5777
2 141
74 5777
1 63
76 5893
8 432
80 6277
1 63
80 6277
80 6277
1 237
1 244
1 50
1 281
1 206
1 232
1 20
1 180
2 309
1 48
1 126
1 4
1 121
1 151
1 70
1 89
2 355
1 128
1 21
1 28
1 19
2 355
1 55
2 324
2 309
1 25
1 271
2 279
2 357
1 157
1 270
2 357
7 952
1 256
1 267
1 18
1 21
1 219
1 144
1 241
2 309
1 113
1 258
7 952
2 188
1 36
1 58
2 237
1 176
1 199
1 176
3 364
6 583
2 427
3 443
1 108
1 152
2 273
3 435
1 95
2 534
5 720
2 252
1 93
2 534
2 484
1 93
2 250
1 197
2 273
2 320
2 416
3 573
3 435
6 896
1 40
1 37
7 787
1 130
4 494
1 70
1 158
1 79
2 83
1 24
1 162
1 93
2 416
5 621
2 252
1 229
1 260
16 2348
3 512
1 150
6 896
16 2348
1 101
6 896
2 154
3 424
4 445
5 621
6 942
6 736
25 3727
2 263
10 1627
3 444
1 86
7 732
19 2731
2 238
10 1627
10 1627
6 736
21 3066
21 3066
21 3066
1 232
1 242
44 6156
1 73
1 103
6 736
3 310
1 72
1 71
8 949
92 13112
1 105
1 60
4 582
3 496
3 277
97 14082
99 14398
1 70
5 533
2 148
4 618
99 14398
4 618
6 585
101 14616
5 1004
2 562
5 649
102 14580
8 1040
1 71
103 14622
1 106
103 14622
103 14622
104 14723
2 252
5 533
106 15111
117 17017
117 17017
117 17017
2 279
117 16948
117 16855
120 17194
120 17194
8 1040
1 83
132 19177
132 19154
132 19154
131 18982
2 394
131 18982
131 18982
131 18982
131 18982
1 281
2 394
6 1215
147 20928
149 21094
1 115
3 376
149 21094
156 22172
1 154
4 762
157 22175
161 22948
161 22948
2 148
173 24468
4 726
1 257
8 1203
174 24763
175 24835
1 260
175 24835
3 213
175 24835
10 1848
6 1215
8 1203
176 25009
176 25009
176 25009
1 127
198 28979
199 29004
209 30945
209 30945
214 31648
214 31648
2 370
1 167
214 31648
214 31648
1 167
216 31891
216 31891
216 31891
2 370
1 281
217 32022
217 32022
1 257
5 420
217 31874
217 31874
217 31874
10 1247
1 171
221 32484
221 32484
224 32955
225 33199
1 13
225 33199
225 33199
225 33199
224 33039
224 33039
1 171
226 33352
226 33352
226 33352
226 33352
226 33352
226 33352
1 240
228 33502
3 254
232 33992
231 33705
231 33705
242 35088
242 35088
241 34868
241 34868
241 34868
241 34868
241 34868
244 35122
244 35122
244 35122
244 35122
244 35122
245 35367
1 261
245 35388
245 35388
245 35388
245 35388
246 35451
245 35351
245 35351
245 35351
250 35697
251 35768
251 35768
2 441
1 260
253 35919
252 35708
252 35708
252 35708
252 35708
258 37006
258 37006
260 37370
260 37370
260 37370
260 37370
260 37370
263 37644
1 160
265 38074
264 37841
264 37841
266 38234
266 38234
266 38234
266 38234
267 38515
267 38515
267 38515
274 39330
274 39330
274 39330
274 39330
274 39330
273 39114
273 39114
273 39114
273 39114
272 39032
272 39032
272 39032
272 39032
272 39032
1 139
272 39032
272 39032
272 39032
273 39293
273 39293
274 39533
274 39533
274 39533
274 39533
274 39533
274 39533
278 40198
278 40198
279 40211
279 40211
279 40211
279 40211
279 40211
279 40211
279 40211
279 40211
279 40211
279 40211
279 40211
279 40211
279 40211
279 40211
279 40211
279 40211
279 40211
279 40211
279 40211
279 40211
279 40211
279 40211
279 40211
279 40211
279 40211
1 162
1 98
1 27
1 72
2 193
1 98
1 23
1 74
1 49
1 78
2 175
2 145
1 62
1 122
1 109
1 31
1 140
3 254
1 114
1 102
1 118
2 179
1 96
1 97
1 12
1 8
1 163
1 22
1 80
1 2
1 1
1 26
1 154
1 125
1 80
1 8
1 66
1 97
1 157
1 126
1 142
1 145
4 244
2 206
2 184
1 16
1 1
4 281
5 298
5 381
2 150
1 69
4 381
3 225
6 388
6 575
3 274
1 91
1 125
2 214
1 81
4 471
4 306
3 407
1 91
4 381
4 310
3 225
4 297
7 564
2 259
2 109
7 564
5 384
2 109
4 244
1 114
4 310
1 91
1 80
1 108
1 151
7 506
22 1703
1 15
13 863
1 108
29 2422
8 594
48 3871
16 1486
65 5388
65 5388
1 12
9 665
1 94
71 5984
1 136
71 5984
80 6779
80 6779
79 6718
79 6718
79 6718
2 170
107 8879
1 100
2 101
5 334
112 9374
2 178
114 9465
114 9465
115 9482
117 9669
123 10197
123 10197
126 10356
127 10243
127 10243
1 121
128 10323
6 352
127 10305
1 100
129 10483
129 10483
128 10387
128 10387
128 10387
128 10387
129 10510
6 352
129 10510
129 10510
129 10510
130 10610
130 10610
130 10610
136 10962
136 10962
136 10962
1 152
2 107
139 11236
139 11236
140 11251
140 11251
146 11691
146 11591
146 11591
147 11727
147 11727
147 11727
147 11727
147 11727
147 11727
147 11727
147 11727
147 11727
1 159
148 11774
148 11774
148 11774
148 11774
148 11774
148 11638
148 11638
148 11638
148 11745
148 11745
151 11944
151 11944
151 11944
151 11944
151 11944
1 152
152 12084
152 12084
152 12084
152 12084
152 12084
152 12084
152 12084
152 12084
152 12084
152 12084
1 118
1 160
1 65
1 74
1 81
1 74
1 72
1 96
1 109
1 74
1 70
1 39
1 14
1 169
1 75
1 74
1 94
1 135
1 132
3 368
2 245
3 260
1 66
1 100
2 205
1 152
1 138
6 737
3 315
1 118
3 368
1 147
1 16
6 737
1 107
2 159
2 211
4 164
1 18
1 182
1 162
1 93
2 132
1 75
1 109
2 178
1 40
1 78
1 18
2 258
2 194
9 603
1 40
1 50
1 71
1 61
1 56
1 32
1 56
22 2441
3 168
3 228
1 32
5 453
1 24
1 137
1 81
22 2458
1 169
2 162
3 176
1 52
2 139
35 3281
1 81
35 3281
1 139
1 27
1 52
1 24
2 159
1 65
19 1751
2 132
1 100
1 100
21 1969
21 1969
1 125
2 162
20 1888
2 178
59 5402
60 5458
1 18
6 687
1 130
7 749
1 129
78 7292
80 7519
4 354
3 309
2 98
80 7519
2 91
80 7414
2 292
4 354
1 143
81 7494
3 309
82 7515
2 292
2 91
86 7974
86 7923
88 8036
1 146
7 527
7 527
100 9029
100 9029
2 100
4 461
116 10161
116 10161
124 10819
124 10819
124 10819
126 11002
126 11002
131 11345
2 238
133 11617
133 11617
133 11617
2 214
133 11617
133 11617
3 379
4 461
1 40
136 11912
136 11912
136 11912
136 11912
3 249
141 12384
141 12384
4 354
141 12359
141 12359
141 12359
141 12359
5 655
141 12359
1 179
1 224
1 60
1 183
1 163
1 61
1 148
1 203
1 161
1 91
1 10
1 50
1 145
1 243
1 291
1 65
5 653
1 250
2 403
1 272
1 203
1 252
1 136
1 279
7 1092
2 142
2 352
1 289
1 216
2 408
1 223
1 7
1 153
1 87
1 136
1 114
8 1338
1 97
1 89
6 872
1 90
1 193
1 269
1 271
2 97
1 98
1 124
3 475
1 266
1 131
1 213
1 85
2 97
3 276
3 555
1 66
1 207
3 555
4 731
1 148
1 96
8 1410
2 207
2 206
3 276
2 259
3 311
1 213
1 141
9 1563
2 528
1 215
1 133
2 331
5 729
1 88
1 193
7 1441
1 209
2 384
1 220
12 1975
46 6027
4 651
2 346
1 72
7 1084
1 88
3 338
45 5896
5 712
1 81
2 336
2 288
45 5896
1 245
3 386
3 225
7 1441
1 81
45 5896
1 266
1 148
3 225
2 369
3 154
1 137
1 162
2 165
3 427
2 258
1 223
2 136
5 729
5 736
45 5863
5 592
31 4768
1 272
84 12111
5 689
84 12111
88 12556
1 193
4 605
1 207
3 225
110 15769
2 238
2 469
115 16542
1 213
1 189
1 251
117 16874
117 16874
1 50
1 161
1 179
1 123
1 209
1 92
1 10
1 189
1 34
1 93
1 87
1 97
1 53
1 124
2 279
2 420
1 138
1 117
1 152
3 186
1 71
1 63
1 243
1 107
2 360
1 237
1 260
1 27
1 207
1 199
2 195
1 82
1 210
1 219
1 20
2 339
2 25
1 10
2 158
2 227
1 44
5 448
1 103
2 279
1 66
2 329
1 168
3 502
1 103
3 317
1 205
1 39
1 261
2 175
3 404
2 329
1 115
1 83
1 210
2 236
2 339
2 297
2 154
2 329
2 158
2 417
1 137
1 266
8 968
1 76
2 175
8 968
22 3468
1 33
1 153
3 309
2 220
1 163
2 257
2 154
6 769
2 229
1 177
1 134
1 153
3 586
4 627
2 65
1 227
15 1475
74 10607
2 190
1 32
2 158
74 10607
74 10607
74 10607
2 110
2 339
2 110
1 180
93 12349
5 893
103 13646
103 13646
2 282
103 13646
103 13646
103 13646
103 13646
2 339
2 227
4 818
2 206
1 103
103 13442
103 13442
4 818
9 1035
3 586
1 209
106 14114
6 698
1 141
1 183
2 81
107 14256
107 14256
1 234
9 1035
110 14847
111 15097
6 923
7 1314
2 282
120 16132
1 31
130 17179
1 234
133 17660
136 18063
136 18063
9 1110
135 18042
1 168
139 18699
139 18699
139 18699
139 18699
9 766
139 18699
9 1716
138 18630
138 18630
138 18630
9 1716
2 191
148 19805
1 11
149 19968
9 766
3 503
149 19968
1 221
150 20072
150 20072
150 20072
1 234
150 20072
150 20072
153 20428
2 414
1 77
155 20623
155 20623
155 20623
155 20623
9 1716
1 265
2 191
164 22153
1 226
165 22317
165 22317
166 22554
166 22554
166 22554
167 22785
3 215
167 22785
173 23762
174 23826
182 24549
3 218
183 24807
185 24995
185 24995
186 25246
186 25246
4 423
1 106
186 25246
2 275
187 25451
187 25451
3 345
187 25496
1 55
3 215
2 154
191 26257
202 27876
3 215
202 27876
1 193
1 14
203 27989
203 27989
210 28717
210 28717
3 434
210 28717
210 28717
2 275
1 206
214 28964
214 28964
2 168
214 28964
213 28945
213 28945
215 29220
215 29220
215 29220
215 29220
218 29654
218 29654
2 414
221 29997
221 29997
222 30149
222 30149
222 30149
222 30149
225 30459
226 30550
226 30550
231 31324
237 31920
237 32006
2 168
236 31952
236 31952
236 31952
236 31952
236 31952
235 31809
235 31809
235 31809
238 32084
240 32200
240 32200
240 32200
240 32200
240 32200
240 32200
242 32427
243 32570
248 33170
248 33170
248 33246
248 33246
248 33246
248 33246
248 33246
248 33246
1 247
249 33286
249 33286
249 33286
249 33286
249 33286
249 33286
249 33286
249 33286
249 33286
249 33286
250 33406
250 33406
250 33406
250 33406
250 33406
251 33573
251 33573
251 33573
250 33462
250 33462
250 33462
250 33462
251 33517
251 33517
251 33517
253 33875
253 33875
2 110
256 34406
256 34406
256 34406
256 34406
256 34406
256 34406
256 34406
256 34406
256 34406
257 34427
257 34427
257 34427
257 34427
258 34555
258 34555
259 34644
262 35049
262 35049
262 35049
262 35049
262 35049
262 35049
262 35049
262 35049
262 35049
262 35049
262 35049
264 35460
264 35460
1 218
264 35460
264 35460
264 35460
264 35460
264 35460
264 35460
264 35460
264 35460
264 35460
264 35460
264 35460
264 35460
264 35460
264 35460
264 35460
264 35460
264 35460
264 35460
1 43
1 34
1 43
1 7
1 55
1 62
1 98
1 90
1 97
1 99
3 164
1 24
1 87
1 41
1 75
1 19
3 119
1 112
3 159
1 99
2 63
1 63
3 119
1 65
2 125
1 45
3 197
3 197
1 74
1 14
1 5
4 185
13 807
13 807
2 189
1 27
14 921
8 501
3 89
36 2238
3 209
36 2238
11 646
11 646
4 202
36 2238
36 2238
1 45
1 45
9 412
5 307
5 330
59 3487
63 3763
68 4088
2 144
2 69
67 4086
70 4250
70 4250
1 64
5 307
67 4113
2 140
12 549
72 4428
72 4428
72 4428
1 45
72 4428
72 4428
1 70
72 4428
83 4970
5 134
84 4982
1 63
84 4995
84 4995
84 4995
84 4995
84 4995
84 5058
91 5354
1 63
104 6016
104 6016
104 6016
104 6016
105 6048
105 6048
105 6048
105 6048
105 6048
105 6048
105 6048
105 6048
105 6048
105 6048
105 6048
105 6048
105 6048
105 6048
105 6048
105 6048
105 6048
105 6048
105 6048
105 6048
105 6048
105 6048
105 6048
105 6048
106 6093
105 5985
105 5985
2 144
1 88
105 5985
105 5985
105 5985
105 5985
105 5985
107 6129
107 6129
107 6129
107 6129
107 6129
107 6129
107 6129
107 6129
107 6129
107 6129
2 69
106 6032
108 6203
108 6203
1 14
1 10
1 16
1 71
1 76
1 50
1 96
1 126
1 57
2 80
1 46
1 97
1 39
2 122
1 28
1 37
2 204
1 24
2 143
1 111
3 274
2 125
1 41
6 293
1 95
2 204
7 405
3 274
1 26
3 274
1 93
3 274
1 100
1 68
2 127
2 138
7 405
2 141
1 28
3 211
23 1592
1 3
1 26
1 117
1 53
1 77
3 130
2 204
3 269
2 141
50 3312
5 92
1 95
1 72
51 3416
2 138
3 247
1 39
52 3428
52 3428
52 3428
1 27
1 56
9 318
53 3567
54 3578
57 3825
57 3825
57 3825
3 186
58 3908
58 3908
59 3937
59 3937
9 318
59 3937
60 3965
60 3965
1 63
60 4007
3 130
60 4007
1 127
1 26
1 26
60 4007
1 47
6 264
60 4007
84 5375
1 63
1 26
1 26
98 6025
2 125
98 6025
98 6122
98 6122
102 6411
102 6411
2 183
102 6411
103 6474
103 6474
102 6367
102 6367
103 6453
103 6453
103 6453
107 6781
107 6781
107 6781
107 6781
106 6682
106 6682
109 6949
112 7290
113 7315
113 7315
114 7415
114 7415
1 72
116 7542
116 7542
116 7542
116 7542
116 7542
116 7542
1 106
116 7542
116 7542
116 7542
2 198
116 7542
116 7542
116 7542
116 7542
116 7542
116 7542
116 7542
117 7545
117 7545
117 7545
117 7545
118 7613
121 7917
121 7917
121 7917
121 7917
121 7917
121 7917
1 72
121 7917
1 30
122 7960
122 7960
122 7960
122 7960
122 7960
122 7960
122 7960
122 7960
122 7960
122 7960
122 7960
122 7960
122 7960
122 7960
122 7960
